13-Dec-19 12:06:23 - main                                     INFO     Setting up main logger.
13-Dec-19 12:06:23 - main                                     DEBUG    Création du parser.
13-Dec-19 12:06:23 - main                                     DEBUG    Getting terminal size.
13-Dec-19 12:06:23 - main.Map                                 INFO     Création d'une instance de Map.
13-Dec-19 12:06:23 - main.Map                                 INFO     Attribution des paramètres des pièces.
13-Dec-19 12:06:23 - main.Map                                 INFO     Génération du plateau de jeu.
13-Dec-19 12:06:23 - main.Map                                 INFO     Génération des pièces.
13-Dec-19 12:06:23 - main.Room                                DEBUG    Création d'une instance de Room.
13-Dec-19 12:06:23 - main.Room                                DEBUG    La pièce comporte 36 cases.
13-Dec-19 12:06:23 - main.Room                                DEBUG    Création d'une instance de Room.
13-Dec-19 12:06:23 - main.Room                                DEBUG    La pièce comporte 28 cases.
13-Dec-19 12:06:23 - main.Room                                DEBUG    Création d'une instance de Room.
13-Dec-19 12:06:23 - main.Room                                DEBUG    La pièce comporte 42 cases.
13-Dec-19 12:06:23 - main.Room                                DEBUG    Création d'une instance de Room.
13-Dec-19 12:06:23 - main.Room                                DEBUG    La pièce comporte 24 cases.
13-Dec-19 12:06:23 - main.Room                                DEBUG    Création d'une instance de Room.
13-Dec-19 12:06:23 - main.Room                                DEBUG    La pièce comporte 30 cases.
13-Dec-19 12:06:23 - main.Room                                DEBUG    Création d'une instance de Room.
13-Dec-19 12:06:23 - main.Room                                DEBUG    La pièce comporte 42 cases.
13-Dec-19 12:06:23 - main.Room                                DEBUG    Création d'une instance de Room.
13-Dec-19 12:06:23 - main.Room                                DEBUG    La pièce comporte 42 cases.
13-Dec-19 12:06:23 - main.Room                                DEBUG    Création d'une instance de Room.
13-Dec-19 12:06:23 - main.Room                                DEBUG    La pièce comporte 28 cases.
13-Dec-19 12:06:23 - main.Room                                DEBUG    Création d'une instance de Room.
13-Dec-19 12:06:23 - main.Room                                DEBUG    La pièce comporte 30 cases.
13-Dec-19 12:06:23 - main.Room                                DEBUG    Création d'une instance de Room.
13-Dec-19 12:06:23 - main.Room                                DEBUG    La pièce comporte 49 cases.
13-Dec-19 12:06:23 - main.Room                                DEBUG    Création d'une instance de Room.
13-Dec-19 12:06:23 - main.Room                                DEBUG    La pièce comporte 42 cases.
13-Dec-19 12:06:23 - main.Room                                DEBUG    Création d'une instance de Room.
13-Dec-19 12:06:23 - main.Room                                DEBUG    La pièce comporte 36 cases.
13-Dec-19 12:06:23 - main.Room                                DEBUG    Création d'une instance de Room.
13-Dec-19 12:06:23 - main.Room                                DEBUG    La pièce comporte 36 cases.
13-Dec-19 12:06:23 - main.Room                                DEBUG    Création d'une instance de Room.
13-Dec-19 12:06:23 - main.Room                                DEBUG    La pièce comporte 20 cases.
13-Dec-19 12:06:23 - main.Room                                DEBUG    Création d'une instance de Room.
13-Dec-19 12:06:23 - main.Room                                DEBUG    La pièce comporte 35 cases.
13-Dec-19 12:06:23 - main.Room                                DEBUG    Création d'une instance de Room.
13-Dec-19 12:06:23 - main.Room                                DEBUG    La pièce comporte 30 cases.
13-Dec-19 12:06:23 - main.Room                                DEBUG    Création d'une instance de Room.
13-Dec-19 12:06:23 - main.Room                                DEBUG    La pièce comporte 28 cases.
13-Dec-19 12:06:23 - main.Room                                DEBUG    Création d'une instance de Room.
13-Dec-19 12:06:23 - main.Room                                DEBUG    La pièce comporte 30 cases.
13-Dec-19 12:06:23 - main.Room                                DEBUG    Création d'une instance de Room.
13-Dec-19 12:06:23 - main.Room                                DEBUG    La pièce comporte 36 cases.
13-Dec-19 12:06:23 - main.Room                                DEBUG    Création d'une instance de Room.
13-Dec-19 12:06:23 - main.Room                                DEBUG    La pièce comporte 35 cases.
13-Dec-19 12:06:23 - main.Room                                DEBUG    Création d'une instance de Room.
13-Dec-19 12:06:23 - main.Room                                DEBUG    La pièce comporte 35 cases.
13-Dec-19 12:06:23 - main.Room                                DEBUG    Création d'une instance de Room.
13-Dec-19 12:06:23 - main.Room                                DEBUG    La pièce comporte 24 cases.
13-Dec-19 12:06:23 - main.Room                                DEBUG    Création d'une instance de Room.
13-Dec-19 12:06:23 - main.Room                                DEBUG    La pièce comporte 42 cases.
13-Dec-19 12:06:23 - main.Room                                DEBUG    Création d'une instance de Room.
13-Dec-19 12:06:23 - main.Room                                DEBUG    La pièce comporte 36 cases.
13-Dec-19 12:06:23 - main.Room                                DEBUG    Création d'une instance de Room.
13-Dec-19 12:06:23 - main.Room                                DEBUG    La pièce comporte 36 cases.
13-Dec-19 12:06:23 - main.Room                                DEBUG    Création d'une instance de Room.
13-Dec-19 12:06:23 - main.Room                                DEBUG    La pièce comporte 28 cases.
13-Dec-19 12:06:23 - main.Room                                DEBUG    Création d'une instance de Room.
13-Dec-19 12:06:23 - main.Room                                DEBUG    La pièce comporte 20 cases.
13-Dec-19 12:06:23 - main.Room                                DEBUG    Création d'une instance de Room.
13-Dec-19 12:06:23 - main.Room                                DEBUG    La pièce comporte 36 cases.
13-Dec-19 12:06:23 - main.Room                                DEBUG    Création d'une instance de Room.
13-Dec-19 12:06:23 - main.Room                                DEBUG    La pièce comporte 30 cases.
13-Dec-19 12:06:23 - main.Room                                DEBUG    Création d'une instance de Room.
13-Dec-19 12:06:23 - main.Room                                DEBUG    La pièce comporte 30 cases.
13-Dec-19 12:06:23 - main.Room                                DEBUG    Création d'une instance de Room.
13-Dec-19 12:06:23 - main.Room                                DEBUG    La pièce comporte 16 cases.
13-Dec-19 12:06:23 - main.Room                                DEBUG    Création d'une instance de Room.
13-Dec-19 12:06:23 - main.Room                                DEBUG    La pièce comporte 42 cases.
13-Dec-19 12:06:23 - main.Room                                DEBUG    Création d'une instance de Room.
13-Dec-19 12:06:23 - main.Room                                DEBUG    La pièce comporte 42 cases.
13-Dec-19 12:06:23 - main.Room                                DEBUG    Création d'une instance de Room.
13-Dec-19 12:06:23 - main.Room                                DEBUG    La pièce comporte 20 cases.
13-Dec-19 12:06:23 - main.Room                                DEBUG    Création d'une instance de Room.
13-Dec-19 12:06:23 - main.Room                                DEBUG    La pièce comporte 30 cases.
13-Dec-19 12:06:23 - main.Room                                DEBUG    Création d'une instance de Room.
13-Dec-19 12:06:23 - main.Room                                DEBUG    La pièce comporte 35 cases.
13-Dec-19 12:06:23 - main.Room                                DEBUG    Création d'une instance de Room.
13-Dec-19 12:06:23 - main.Room                                DEBUG    La pièce comporte 20 cases.
13-Dec-19 12:06:23 - main.Room                                DEBUG    Création d'une instance de Room.
13-Dec-19 12:06:23 - main.Room                                DEBUG    La pièce comporte 24 cases.
13-Dec-19 12:06:23 - main.Room                                DEBUG    Création d'une instance de Room.
13-Dec-19 12:06:23 - main.Room                                DEBUG    La pièce comporte 35 cases.
13-Dec-19 12:06:23 - main.Room                                DEBUG    Création d'une instance de Room.
13-Dec-19 12:06:23 - main.Room                                DEBUG    La pièce comporte 49 cases.
13-Dec-19 12:06:23 - main.Room                                DEBUG    Création d'une instance de Room.
13-Dec-19 12:06:23 - main.Room                                DEBUG    La pièce comporte 28 cases.
13-Dec-19 12:06:23 - main.Room                                DEBUG    Création d'une instance de Room.
13-Dec-19 12:06:23 - main.Room                                DEBUG    La pièce comporte 30 cases.
13-Dec-19 12:06:23 - main.Room                                DEBUG    Création d'une instance de Room.
13-Dec-19 12:06:23 - main.Room                                DEBUG    La pièce comporte 49 cases.
13-Dec-19 12:06:23 - main.Room                                DEBUG    Création d'une instance de Room.
13-Dec-19 12:06:23 - main.Room                                DEBUG    La pièce comporte 25 cases.
13-Dec-19 12:06:23 - main.Room                                DEBUG    Création d'une instance de Room.
13-Dec-19 12:06:23 - main.Room                                DEBUG    La pièce comporte 20 cases.
13-Dec-19 12:06:23 - main.Room                                DEBUG    Création d'une instance de Room.
13-Dec-19 12:06:23 - main.Room                                DEBUG    La pièce comporte 42 cases.
13-Dec-19 12:06:23 - main.Room                                DEBUG    Création d'une instance de Room.
13-Dec-19 12:06:23 - main.Room                                DEBUG    La pièce comporte 16 cases.
13-Dec-19 12:06:23 - main.Room                                DEBUG    Création d'une instance de Room.
13-Dec-19 12:06:23 - main.Room                                DEBUG    La pièce comporte 35 cases.
13-Dec-19 12:06:23 - main.Room                                DEBUG    Création d'une instance de Room.
13-Dec-19 12:06:23 - main.Room                                DEBUG    La pièce comporte 24 cases.
13-Dec-19 12:06:23 - main.Room                                DEBUG    Création d'une instance de Room.
13-Dec-19 12:06:23 - main.Room                                DEBUG    La pièce comporte 30 cases.
13-Dec-19 12:06:23 - main.Room                                DEBUG    Création d'une instance de Room.
13-Dec-19 12:06:23 - main.Room                                DEBUG    La pièce comporte 20 cases.
13-Dec-19 12:06:23 - main.Room                                DEBUG    Création d'une instance de Room.
13-Dec-19 12:06:23 - main.Room                                DEBUG    La pièce comporte 30 cases.
13-Dec-19 12:06:23 - main.Room                                DEBUG    Création d'une instance de Room.
13-Dec-19 12:06:23 - main.Room                                DEBUG    La pièce comporte 35 cases.
13-Dec-19 12:06:23 - main.Room                                DEBUG    Création d'une instance de Room.
13-Dec-19 12:06:23 - main.Room                                DEBUG    La pièce comporte 42 cases.
13-Dec-19 12:06:23 - main.Room                                DEBUG    Création d'une instance de Room.
13-Dec-19 12:06:23 - main.Room                                DEBUG    La pièce comporte 28 cases.
13-Dec-19 12:06:23 - main.Room                                DEBUG    Création d'une instance de Room.
13-Dec-19 12:06:23 - main.Room                                DEBUG    La pièce comporte 20 cases.
13-Dec-19 12:06:23 - main.Room                                DEBUG    Création d'une instance de Room.
13-Dec-19 12:06:23 - main.Room                                DEBUG    La pièce comporte 30 cases.
13-Dec-19 12:06:23 - main.Room                                DEBUG    Création d'une instance de Room.
13-Dec-19 12:06:23 - main.Room                                DEBUG    La pièce comporte 28 cases.
13-Dec-19 12:06:23 - main.Room                                DEBUG    Création d'une instance de Room.
13-Dec-19 12:06:23 - main.Room                                DEBUG    La pièce comporte 49 cases.
13-Dec-19 12:06:23 - main.Room                                DEBUG    Création d'une instance de Room.
13-Dec-19 12:06:23 - main.Room                                DEBUG    La pièce comporte 28 cases.
13-Dec-19 12:06:23 - main.Room                                DEBUG    Création d'une instance de Room.
13-Dec-19 12:06:23 - main.Room                                DEBUG    La pièce comporte 28 cases.
13-Dec-19 12:06:23 - main.Room                                DEBUG    Création d'une instance de Room.
13-Dec-19 12:06:23 - main.Room                                DEBUG    La pièce comporte 30 cases.
13-Dec-19 12:06:23 - main.Room                                DEBUG    Création d'une instance de Room.
13-Dec-19 12:06:23 - main.Room                                DEBUG    La pièce comporte 30 cases.
13-Dec-19 12:06:23 - main.Room                                DEBUG    Création d'une instance de Room.
13-Dec-19 12:06:23 - main.Room                                DEBUG    La pièce comporte 16 cases.
13-Dec-19 12:06:23 - main.Room                                DEBUG    Création d'une instance de Room.
13-Dec-19 12:06:23 - main.Room                                DEBUG    La pièce comporte 42 cases.
13-Dec-19 12:06:23 - main.Room                                DEBUG    Création d'une instance de Room.
13-Dec-19 12:06:23 - main.Room                                DEBUG    La pièce comporte 16 cases.
13-Dec-19 12:06:23 - main.Room                                DEBUG    Création d'une instance de Room.
13-Dec-19 12:06:23 - main.Room                                DEBUG    La pièce comporte 20 cases.
13-Dec-19 12:06:23 - main.Room                                DEBUG    Création d'une instance de Room.
13-Dec-19 12:06:23 - main.Room                                DEBUG    La pièce comporte 16 cases.
13-Dec-19 12:06:23 - main.Room                                DEBUG    Création d'une instance de Room.
13-Dec-19 12:06:23 - main.Room                                DEBUG    La pièce comporte 20 cases.
13-Dec-19 12:06:23 - main.Room                                DEBUG    Création d'une instance de Room.
13-Dec-19 12:06:23 - main.Room                                DEBUG    La pièce comporte 49 cases.
13-Dec-19 12:06:23 - main.Room                                DEBUG    Création d'une instance de Room.
13-Dec-19 12:06:23 - main.Room                                DEBUG    La pièce comporte 20 cases.
13-Dec-19 12:06:23 - main.Room                                DEBUG    Création d'une instance de Room.
13-Dec-19 12:06:23 - main.Room                                DEBUG    La pièce comporte 25 cases.
13-Dec-19 12:06:23 - main.Room                                DEBUG    Création d'une instance de Room.
13-Dec-19 12:06:23 - main.Room                                DEBUG    La pièce comporte 35 cases.
13-Dec-19 12:06:23 - main.Room                                DEBUG    Création d'une instance de Room.
13-Dec-19 12:06:23 - main.Room                                DEBUG    La pièce comporte 42 cases.
13-Dec-19 12:06:23 - main.Room                                DEBUG    Création d'une instance de Room.
13-Dec-19 12:06:23 - main.Room                                DEBUG    La pièce comporte 42 cases.
13-Dec-19 12:06:23 - main.Room                                DEBUG    Création d'une instance de Room.
13-Dec-19 12:06:23 - main.Room                                DEBUG    La pièce comporte 25 cases.
13-Dec-19 12:06:23 - main.Room                                DEBUG    Création d'une instance de Room.
13-Dec-19 12:06:23 - main.Room                                DEBUG    La pièce comporte 25 cases.
13-Dec-19 12:06:23 - main.Room                                DEBUG    Création d'une instance de Room.
13-Dec-19 12:06:23 - main.Room                                DEBUG    La pièce comporte 20 cases.
13-Dec-19 12:06:23 - main.Room                                DEBUG    Création d'une instance de Room.
13-Dec-19 12:06:23 - main.Room                                DEBUG    La pièce comporte 20 cases.
13-Dec-19 12:06:23 - main.Room                                DEBUG    Création d'une instance de Room.
13-Dec-19 12:06:23 - main.Room                                DEBUG    La pièce comporte 28 cases.
13-Dec-19 12:06:23 - main.Room                                DEBUG    Création d'une instance de Room.
13-Dec-19 12:06:23 - main.Room                                DEBUG    La pièce comporte 20 cases.
13-Dec-19 12:06:23 - main.Room                                DEBUG    Création d'une instance de Room.
13-Dec-19 12:06:23 - main.Room                                DEBUG    La pièce comporte 35 cases.
13-Dec-19 12:06:23 - main.Room                                DEBUG    Création d'une instance de Room.
13-Dec-19 12:06:23 - main.Room                                DEBUG    La pièce comporte 35 cases.
13-Dec-19 12:06:23 - main.Room                                DEBUG    Création d'une instance de Room.
13-Dec-19 12:06:23 - main.Room                                DEBUG    La pièce comporte 30 cases.
13-Dec-19 12:06:23 - main.Room                                DEBUG    Création d'une instance de Room.
13-Dec-19 12:06:23 - main.Room                                DEBUG    La pièce comporte 42 cases.
13-Dec-19 12:06:23 - main.Room                                DEBUG    Création d'une instance de Room.
13-Dec-19 12:06:23 - main.Room                                DEBUG    La pièce comporte 30 cases.
13-Dec-19 12:06:23 - main.Room                                DEBUG    Création d'une instance de Room.
13-Dec-19 12:06:23 - main.Room                                DEBUG    La pièce comporte 16 cases.
13-Dec-19 12:06:23 - main.Room                                DEBUG    Création d'une instance de Room.
13-Dec-19 12:06:23 - main.Room                                DEBUG    La pièce comporte 25 cases.
13-Dec-19 12:06:23 - main.Room                                DEBUG    Création d'une instance de Room.
13-Dec-19 12:06:23 - main.Room                                DEBUG    La pièce comporte 42 cases.
13-Dec-19 12:06:23 - main.Room                                DEBUG    Création d'une instance de Room.
13-Dec-19 12:06:23 - main.Room                                DEBUG    La pièce comporte 49 cases.
13-Dec-19 12:06:23 - main.Room                                DEBUG    Création d'une instance de Room.
13-Dec-19 12:06:23 - main.Room                                DEBUG    La pièce comporte 42 cases.
13-Dec-19 12:06:23 - main.Room                                DEBUG    Création d'une instance de Room.
13-Dec-19 12:06:23 - main.Room                                DEBUG    La pièce comporte 25 cases.
13-Dec-19 12:06:23 - main.Room                                DEBUG    Création d'une instance de Room.
13-Dec-19 12:06:23 - main.Room                                DEBUG    La pièce comporte 24 cases.
13-Dec-19 12:06:23 - main.Room                                DEBUG    Création d'une instance de Room.
13-Dec-19 12:06:23 - main.Room                                DEBUG    La pièce comporte 28 cases.
13-Dec-19 12:06:23 - main.Room                                DEBUG    Création d'une instance de Room.
13-Dec-19 12:06:23 - main.Room                                DEBUG    La pièce comporte 20 cases.
13-Dec-19 12:06:23 - main.Room                                DEBUG    Création d'une instance de Room.
13-Dec-19 12:06:23 - main.Room                                DEBUG    La pièce comporte 42 cases.
13-Dec-19 12:06:23 - main.Room                                DEBUG    Création d'une instance de Room.
13-Dec-19 12:06:23 - main.Room                                DEBUG    La pièce comporte 49 cases.
13-Dec-19 12:06:23 - main.Room                                DEBUG    Création d'une instance de Room.
13-Dec-19 12:06:23 - main.Room                                DEBUG    La pièce comporte 42 cases.
13-Dec-19 12:06:23 - main.Room                                DEBUG    Création d'une instance de Room.
13-Dec-19 12:06:23 - main.Room                                DEBUG    La pièce comporte 49 cases.
13-Dec-19 12:06:23 - main.Room                                DEBUG    Création d'une instance de Room.
13-Dec-19 12:06:23 - main.Room                                DEBUG    La pièce comporte 30 cases.
13-Dec-19 12:06:23 - main.Map                                 INFO     Positionnement des pièces sur la carte
13-Dec-19 12:06:23 - main.Map                                 INFO     Remplissage de la carte par des labyrinthes.
13-Dec-19 12:06:23 - main.Map                                 DEBUG    Génération d'un labyrinthe.
13-Dec-19 12:06:23 - main.Map                                 DEBUG    Labyrinthe de taille 761 généré.
13-Dec-19 12:06:23 - main.Map                                 DEBUG    Génération d'un labyrinthe.
13-Dec-19 12:06:23 - main.Map                                 DEBUG    Labyrinthe de taille 6 généré.
13-Dec-19 12:06:23 - main.Map                                 DEBUG    Getting possible connectors.
13-Dec-19 12:06:23 - main.Map                                 INFO     Connection des régions.
13-Dec-19 12:06:23 - main.Map                                 DEBUG    Régions connectées.
13-Dec-19 12:06:23 - main.Map                                 DEBUG    Suppression des portions de couloir inutiles.
13-Dec-19 12:06:23 - main.Map                                 INFO     Attribution des paramètres du jeu.
13-Dec-19 12:06:23 - main.Map                                 INFO     Start: (15, 7), Goal: (30, 32)
13-Dec-19 12:06:23 - main                                     DEBUG    Field of view turned of.
13-Dec-19 12:06:23 - main                                     DEBUG    Getting direction.
